<?xml version="1.0" encoding="UTF-8"?>
<testsuite xmlns:xsi="http://www.w3.org/2001/XMLSchema-instance" xsi:noNamespaceSchemaLocation="https://maven.apache.org/surefire/maven-surefire-plugin/xsd/surefire-test-report-3.0.xsd" version="3.0" name="sorting.LeftBinarySearchTest" time="0.93" tests="3" errors="0" skipped="0" failures="0">
  <properties>
    <property name="java.specification.version" value="17"/>
    <property name="sun.jnu.encoding" value="UTF-8"/>
    <property name="java.class.path" value="/mnt/c/Users/kevin/IdeaProjects/leetcode-questions/target/test-classes:/mnt/c/Users/kevin/IdeaProjects/leetcode-questions/target/classes:/home/ksilva/.m2/repository/org/apache/logging/log4j/log4j-api/2.6.1/log4j-api-2.6.1.jar:/home/ksilva/.m2/repository/org/apache/logging/log4j/log4j-core/2.6.1/log4j-core-2.6.1.jar:/home/ksilva/.m2/repository/org/junit/jupiter/junit-jupiter-engine/5.9.2/junit-jupiter-engine-5.9.2.jar:/home/ksilva/.m2/repository/org/junit/platform/junit-platform-engine/1.9.2/junit-platform-engine-1.9.2.jar:/home/ksilva/.m2/repository/org/opentest4j/opentest4j/1.2.0/opentest4j-1.2.0.jar:/home/ksilva/.m2/repository/org/junit/platform/junit-platform-commons/1.9.2/junit-platform-commons-1.9.2.jar:/home/ksilva/.m2/repository/org/junit/jupiter/junit-jupiter-api/5.9.2/junit-jupiter-api-5.9.2.jar:/home/ksilva/.m2/repository/org/apiguardian/apiguardian-api/1.1.2/apiguardian-api-1.1.2.jar:/home/ksilva/.m2/repository/org/assertj/assertj-core/3.11.1/assertj-core-3.11.1.jar:"/>
    <property name="java.vm.vendor" value="Private Build"/>
    <property name="sun.arch.data.model" value="64"/>
    <property name="java.vendor.url" value="Unknown"/>
    <property name="user.timezone" value="America/Toronto"/>
    <property name="os.name" value="Linux"/>
    <property name="java.vm.specification.version" value="17"/>
    <property name="sun.java.launcher" value="SUN_STANDARD"/>
    <property name="sun.boot.library.path" value="/usr/lib/jvm/java-17-openjdk-amd64/lib"/>
    <property name="sun.java.command" value="/mnt/c/Users/kevin/IdeaProjects/leetcode-questions/target/surefire/surefirebooter-20230312002011030_3.jar /mnt/c/Users/kevin/IdeaProjects/leetcode-questions/target/surefire 2023-03-12T00-20-10_676-jvmRun1 surefire-20230312002011030_1tmp surefire_0-20230312002011030_2tmp"/>
    <property name="jdk.debug" value="release"/>
    <property name="surefire.test.class.path" value="/mnt/c/Users/kevin/IdeaProjects/leetcode-questions/target/test-classes:/mnt/c/Users/kevin/IdeaProjects/leetcode-questions/target/classes:/home/ksilva/.m2/repository/org/apache/logging/log4j/log4j-api/2.6.1/log4j-api-2.6.1.jar:/home/ksilva/.m2/repository/org/apache/logging/log4j/log4j-core/2.6.1/log4j-core-2.6.1.jar:/home/ksilva/.m2/repository/org/junit/jupiter/junit-jupiter-engine/5.9.2/junit-jupiter-engine-5.9.2.jar:/home/ksilva/.m2/repository/org/junit/platform/junit-platform-engine/1.9.2/junit-platform-engine-1.9.2.jar:/home/ksilva/.m2/repository/org/opentest4j/opentest4j/1.2.0/opentest4j-1.2.0.jar:/home/ksilva/.m2/repository/org/junit/platform/junit-platform-commons/1.9.2/junit-platform-commons-1.9.2.jar:/home/ksilva/.m2/repository/org/junit/jupiter/junit-jupiter-api/5.9.2/junit-jupiter-api-5.9.2.jar:/home/ksilva/.m2/repository/org/apiguardian/apiguardian-api/1.1.2/apiguardian-api-1.1.2.jar:/home/ksilva/.m2/repository/org/assertj/assertj-core/3.11.1/assertj-core-3.11.1.jar:"/>
    <property name="sun.cpu.endian" value="little"/>
    <property name="user.home" value="/home/ksilva"/>
    <property name="user.language" value="en"/>
    <property name="java.specification.vendor" value="Oracle Corporation"/>
    <property name="java.version.date" value="2023-01-17"/>
    <property name="java.home" value="/usr/lib/jvm/java-17-openjdk-amd64"/>
    <property name="file.separator" value="/"/>
    <property name="basedir" value="/mnt/c/Users/kevin/IdeaProjects/leetcode-questions"/>
    <property name="java.vm.compressedOopsMode" value="Zero based"/>
    <property name="line.separator" value="&#10;"/>
    <property name="java.vm.specification.vendor" value="Oracle Corporation"/>
    <property name="java.specification.name" value="Java Platform API Specification"/>
    <property name="surefire.real.class.path" value="/mnt/c/Users/kevin/IdeaProjects/leetcode-questions/target/surefire/surefirebooter-20230312002011030_3.jar"/>
    <property name="sun.management.compiler" value="HotSpot 64-Bit Tiered Compilers"/>
    <property name="java.runtime.version" value="17.0.6+10-Ubuntu-0ubuntu120.04.1"/>
    <property name="user.name" value="ksilva"/>
    <property name="path.separator" value=":"/>
    <property name="os.version" value="5.10.16.3-microsoft-standard-WSL2"/>
    <property name="java.runtime.name" value="OpenJDK Runtime Environment"/>
    <property name="file.encoding" value="UTF-8"/>
    <property name="java.vm.name" value="OpenJDK 64-Bit Server VM"/>
    <property name="localRepository" value="/home/ksilva/.m2/repository"/>
    <property name="java.vendor.url.bug" value="Unknown"/>
    <property name="java.io.tmpdir" value="/tmp"/>
    <property name="java.version" value="17.0.6"/>
    <property name="user.dir" value="/mnt/c/Users/kevin/IdeaProjects/leetcode-questions"/>
    <property name="os.arch" value="amd64"/>
    <property name="java.vm.specification.name" value="Java Virtual Machine Specification"/>
    <property name="native.encoding" value="UTF-8"/>
    <property name="java.library.path" value="/usr/java/packages/lib:/usr/lib/x86_64-linux-gnu/jni:/lib/x86_64-linux-gnu:/usr/lib/x86_64-linux-gnu:/usr/lib/jni:/lib:/usr/lib"/>
    <property name="java.vm.info" value="mixed mode, sharing"/>
    <property name="java.vendor" value="Private Build"/>
    <property name="java.vm.version" value="17.0.6+10-Ubuntu-0ubuntu120.04.1"/>
    <property name="sun.io.unicode.encoding" value="UnicodeLittle"/>
    <property name="java.class.version" value="61.0"/>
  </properties>
  <testcase name="testGetTargetIndexFromBinary" classname="sorting.LeftBinarySearchTest" time="0.902">
    <system-out><![CDATA[2023-03-12T00:20:12.379-0500 INFO Array: [2, 3, 5, 7, 11, 13, 17, 19, 23, 29, 31, 37, 41, 43, 47, 53, 59, 61, 67, 71, 73, 79, 83, 89, 97]
2023-03-12T00:20:12.380-0500 INFO Target: 13
2023-03-12T00:20:12.381-0500 INFO GO LEFT
2023-03-12T00:20:12.381-0500 INFO GO LEFT
2023-03-12T00:20:12.382-0500 INFO GO RIGHT
2023-03-12T00:20:12.382-0500 INFO GO LEFT
2023-03-12T00:20:12.382-0500 INFO GO RIGHT
2023-03-12T00:20:12.382-0500 INFO Completed in 5 iterations
2023-03-12T00:20:12.498-0500 INFO Array: [2, 3, 5, 7, 11, 13, 17, 19, 23, 29, 31, 37, 41, 43, 47, 53, 59, 61, 67, 71, 73, 79, 83, 89, 97]
2023-03-12T00:20:12.498-0500 INFO Target: 2
2023-03-12T00:20:12.498-0500 INFO GO LEFT
2023-03-12T00:20:12.498-0500 INFO GO LEFT
2023-03-12T00:20:12.498-0500 INFO GO LEFT
2023-03-12T00:20:12.499-0500 INFO GO LEFT
2023-03-12T00:20:12.499-0500 INFO GO LEFT
2023-03-12T00:20:12.499-0500 INFO Completed in 5 iterations
2023-03-12T00:20:12.499-0500 INFO Array: [2, 3, 5, 7, 11, 13, 17, 19, 23, 29, 31, 37, 41, 43, 47, 53, 59, 61, 67, 71, 73, 79, 83, 89, 97]
2023-03-12T00:20:12.499-0500 INFO Target: 97
2023-03-12T00:20:12.499-0500 INFO GO RIGHT
2023-03-12T00:20:12.499-0500 INFO GO RIGHT
2023-03-12T00:20:12.499-0500 INFO GO RIGHT
2023-03-12T00:20:12.499-0500 INFO GO LEFT
2023-03-12T00:20:12.499-0500 INFO GO RIGHT
2023-03-12T00:20:12.500-0500 INFO Completed in 5 iterations
2023-03-12T00:20:12.500-0500 INFO Array: [2, 3, 5, 7, 11, 13, 17, 19, 23, 29, 31, 37, 41, 43, 47, 53, 59, 61, 67, 71, 73, 79, 83, 89, 97]
2023-03-12T00:20:12.500-0500 INFO Target: 18
2023-03-12T00:20:12.500-0500 INFO GO LEFT
2023-03-12T00:20:12.500-0500 INFO GO RIGHT
2023-03-12T00:20:12.500-0500 INFO GO LEFT
2023-03-12T00:20:12.500-0500 INFO GO LEFT
2023-03-12T00:20:12.500-0500 INFO GO LEFT
2023-03-12T00:20:12.500-0500 INFO Completed in 5 iterations
2023-03-12T00:20:12.501-0500 INFO Array: [2, 3, 5, 7, 11, 13, 17, 19, 23, 29, 31, 37, 41, 43, 47, 53, 59, 61, 67, 71, 73, 79, 83, 89, 97]
2023-03-12T00:20:12.501-0500 INFO Target: -1
2023-03-12T00:20:12.502-0500 INFO GO LEFT
2023-03-12T00:20:12.502-0500 INFO GO LEFT
2023-03-12T00:20:12.502-0500 INFO GO LEFT
2023-03-12T00:20:12.502-0500 INFO GO LEFT
2023-03-12T00:20:12.502-0500 INFO GO LEFT
2023-03-12T00:20:12.502-0500 INFO Completed in 5 iterations
2023-03-12T00:20:12.502-0500 INFO Array: [2, 3, 5, 7, 11, 13, 17, 19, 23, 29, 31, 37, 41, 43, 47, 53, 59, 61, 67, 71, 73, 79, 83, 89, 97]
2023-03-12T00:20:12.502-0500 INFO Target: 10000
2023-03-12T00:20:12.502-0500 INFO GO RIGHT
2023-03-12T00:20:12.502-0500 INFO GO RIGHT
2023-03-12T00:20:12.503-0500 INFO GO RIGHT
2023-03-12T00:20:12.503-0500 INFO GO RIGHT
2023-03-12T00:20:12.503-0500 INFO Completed in 4 iterations
]]></system-out>
  </testcase>
  <testcase name="testJavaBinarySearch" classname="sorting.LeftBinarySearchTest" time="0.001"/>
  <testcase name="testCustomBinarySearch" classname="sorting.LeftBinarySearchTest" time="0"/>
</testsuite>